LOG OF buffer_location2 ORDER PLOT STATISTICS

#################
#PLOT STATISTICS#
#################

STATISTICS FOR ORDER ON ALL VIDEOS

MEANS:
3.700 3.420 3.620 3.340 3.440
STANDARD ERRORS:
0.163 0.165 0.176 0.171 0.200

STATISTICS FOR ORDER ON VIDEO 1

MEANS:
3.286 4.000 3.905 3.556 4.667
STANDARD ERRORS:
0.389 0.350 0.269 0.448 0.192

STATISTICS FOR ORDER ON VIDEO 2

MEANS:
2.857 3.462 3.500 3.250 3.600
STANDARD ERRORS:
0.551 0.300 0.500 0.336 0.379

STATISTICS FOR ORDER ON VIDEO 3

MEANS:
3.842 2.444 2.800 4.000 2.625
STANDARD ERRORS:
0.214 0.355 0.657 0.222 0.528

STATISTICS FOR ORDER ON VIDEO 4

MEANS:
3.750 3.625 3.700 3.200 3.071
STANDARD ERRORS:
0.385 0.431 0.285 0.420 0.357

STATISTICS FOR ORDER ON VIDEO 5

MEANS:
4.333 3.615 3.333 2.800 3.667
STANDARD ERRORS:
0.314 0.278 0.385 0.341 0.414

