LOG OF buffered2 ORDER PLOT STATISTICS

#################
#PLOT STATISTICS#
#################

STATISTICS FOR ORDER ON ALL VIDEOS

MEANS:
3.907 3.512 3.372 3.140 2.930 2.605
STANDARD ERRORS:
0.173 0.169 0.216 0.229 0.214 0.195

STATISTICS FOR ORDER ON VIDEO 1

MEANS:
5.000 4.333 4.667 4.556 4.000 2.000
STANDARD ERRORS:
0.000 0.157 0.192 0.319 0.340 0.707

STATISTICS FOR ORDER ON VIDEO 2

MEANS:
3.778 3.429 4.400 3.667 3.800 2.833
STANDARD ERRORS:
0.343 0.275 0.210 0.451 0.438 0.281

STATISTICS FOR ORDER ON VIDEO 3

MEANS:
4.167 4.000 2.875 3.714 2.286 2.857
STANDARD ERRORS:
0.495 0.306 0.412 0.561 0.389 0.471

STATISTICS FOR ORDER ON VIDEO 4

MEANS:
3.667 3.000 2.250 2.000 2.667 3.091
STANDARD ERRORS:
0.509 0.791 0.820 0.157 0.416 0.374

STATISTICS FOR ORDER ON VIDEO 5

MEANS:
3.500 2.833 3.500 3.333 2.500 2.286
STANDARD ERRORS:
0.456 0.330 0.456 0.451 0.565 0.483

STATISTICS FOR ORDER ON VIDEO 6

MEANS:
3.600 3.333 2.222 1.333 1.600 2.100
STANDARD ERRORS:
0.322 0.272 0.378 0.304 0.358 0.435

