LOG OF buffer_location ORDER PLOT STATISTICS

#################
#PLOT STATISTICS#
#################

STATISTICS FOR ORDER ON ALL VIDEOS

MEANS:
3.840 3.380 3.340 3.320 3.420
STANDARD ERRORS:
0.140 0.176 0.180 0.186 0.181

STATISTICS FOR ORDER ON VIDEO 1

MEANS:
4.200 4.333 4.429 3.615 3.500
STANDARD ERRORS:
0.169 0.157 0.187 0.385 0.514

STATISTICS FOR ORDER ON VIDEO 2

MEANS:
4.000 3.778 3.444 3.800 3.737
STANDARD ERRORS:
0.306 0.409 0.419 0.438 0.208

STATISTICS FOR ORDER ON VIDEO 3

MEANS:
3.667 3.417 2.929 3.500 3.143
STANDARD ERRORS:
0.416 0.275 0.327 0.433 0.620

STATISTICS FOR ORDER ON VIDEO 4

MEANS:
3.667 2.800 3.333 2.600 3.333
STANDARD ERRORS:
0.272 0.310 0.340 0.405 0.444

STATISTICS FOR ORDER ON VIDEO 5

MEANS:
3.444 2.700 3.000 3.286 3.000
STANDARD ERRORS:
0.388 0.491 0.500 0.326 0.471

