LOG OF buffer_location3 SURVEY RESULTS

########
#GRADES#
########

RAW GRADES:
[4 2 5 4 3 5 5 4 5 4 5 5 5 4 5 4 4 5 5 5 5 4 5 5 5 5 4 3 4 5 5 5 3 4 5 5 4
 4 5 5 5 4]
[4 2 4 5 4 4 5 3 4 4 4 4 4 2 4 3 3 2 4 3 5 3 5 5 2 4 5 3 5 5 4 4 2 4 4 5 4
 4 5 4 5 5]
[4 4 5 5 3 4 5 4 4 4 4 4 5 5 2 3 3 3 3 5 4 4 5 5 5 4 5 3 5 4 4 4 3 4 4 4 3
 3 4 4 4 5]
[5 3 4 4 3 4 5 3 4 4 4 4 5 4 5 4 3 4 4 4 4 5 5 5 5 4 5 2 5 4 4 4 4 4 3 5 3
 4 4 5 5 5]
[4 1 4 5 3 5 5 4 4 3 4 4 5 4 3 4 4 2 4 4 4 4 5 5 5 4 3 5 5 5 4 4 4 4 3 5 3
 3 4 5 3 2]
[5 2 4 4 3 4 5 4 5 4 4 4 4 4 5 3 4 3 5 5 5 3 5 4 4 5 4 4 5 4 4 5 4 4 5 4 4
 4 4 4 4 3]
MEAN:
[4.452 3.905 4.024 4.143 3.929 4.119]
STANDARD ERROR:
[0.113 0.146 0.119 0.115 0.144 0.108]

STANDARDIZED GRADES:
[-0.707 -0.354  1.414 -1.    -0.447  1.414  0.     0.707  1.414  0.447
  2.236  2.236  0.707  0.186  0.866  1.     1.     1.718  1.213  0.894
  1.     0.243  0.     0.447  0.603  1.414 -0.447 -0.354 -2.236  1.
  2.236  1.414 -0.447  0.     1.225  0.707  1.     0.707  1.414  1.
  0.894  0.   ]
[-0.707 -0.354 -0.707  1.     2.236 -0.707  0.    -1.414 -0.707  0.447
 -0.447 -0.447 -1.414 -2.043  0.    -1.    -1.    -1.093 -0.243 -1.789
  1.    -1.213  0.     0.447 -2.111 -0.707  0.894 -0.354  0.447  1.
 -0.447 -0.707 -1.789  0.     0.     0.707  1.     0.707  1.414 -1.
  0.894  0.866]
[-0.707  1.768  1.414  1.    -0.447 -0.707  0.     0.707 -0.707  0.447
 -0.447 -0.447  0.707  1.3   -1.732 -1.    -1.    -0.156 -1.698  0.894
 -1.     0.243  0.     0.447  0.603 -0.707  0.894 -0.354  0.447 -1.
 -0.447 -0.707 -0.447  0.     0.    -1.414 -1.    -1.414 -0.707 -1.
 -0.447  0.866]
[ 1.414  0.707 -0.707 -1.    -0.447 -0.707  0.    -1.414 -0.707  0.447
 -0.447 -0.447  0.707  0.186  0.866  1.    -1.     0.781 -0.243 -0.447
 -1.     1.698  0.     0.447  0.603 -0.707  0.894 -1.414  0.447 -1.
 -0.447 -0.707  0.894  0.    -1.225  0.707 -1.     0.707 -0.707  1.
  0.894  0.866]
[-0.707 -1.414 -0.707  1.    -0.447  1.414  0.     0.707 -0.707 -2.236
 -0.447 -0.447  0.707  0.186 -0.866  1.     1.    -1.093 -0.243 -0.447
 -1.     0.243  0.     0.447  0.603 -0.707 -1.789  1.768  0.447  1.
 -0.447 -0.707  0.894  0.    -1.225  0.707 -1.    -1.414 -0.707  1.
 -1.789 -1.732]
[ 1.414 -0.354 -0.707 -1.    -0.447 -0.707  0.     0.707  1.414  0.447
 -0.447 -0.447 -1.414  0.186  0.866 -1.     1.    -0.156  1.213  0.894
  1.    -1.213  0.    -2.236 -0.302  1.414 -0.447  0.707  0.447 -1.
 -0.447  1.414  0.894  0.     1.225 -1.414  1.     0.707 -0.707 -1.
 -0.447 -0.866]
MEAN:
[ 0.637 -0.222 -0.189 -0.012 -0.218  0.005]
STANDARD ERROR:
[0.14  0.153 0.132 0.128 0.149 0.144]

#############
#VIDEO ORDER#
#############

RAW ORDERS:
[5 4 6 2 1 3]
[2 1 5 6 4 3]
[5 2 3 4 1 6]
[2 5 6 1 3 4]
[6 3 5 4 2 1]
[5 2 6 4 1 3]
[3 1 2 4 5 6]
[1 4 6 2 3 5]
[6 1 5 4 2 3]
[4 2 1 6 3 5]
[4 1 3 5 6 2]
[3 4 5 2 6 1]
[5 2 6 3 4 1]
[4 1 6 2 5 3]
[4 6 1 3 2 5]
[1 3 5 4 2 6]
[2 5 6 4 3 1]
[4 1 6 5 3 2]
[1 5 6 3 2 4]
[3 2 5 6 1 4]
[4 2 5 3 6 1]
[5 6 3 1 4 2]
[5 6 2 3 4 1]
[5 6 1 3 4 2]
[6 3 5 2 1 4]
[5 2 1 3 6 4]
[1 4 6 3 5 2]
[6 1 5 2 4 3]
[1 5 4 6 3 2]
[3 5 6 2 4 1]
[2 3 6 5 4 1]
[5 4 1 6 3 2]
[3 4 6 1 2 5]
[5 1 6 2 4 3]
[5 3 2 6 4 1]
[5 3 2 1 6 4]
[1 2 5 4 3 6]
[6 3 1 5 4 2]
[6 4 2 1 5 3]
[1 6 3 4 2 5]
[4 3 2 6 5 1]
[3 5 1 2 4 6]

#################
#VIDEO VIEW TIME#
#################

RAW TIMES:
[ 10149  30017  32634  28066  40644  32215  32246  54630  28990  42451
  30111 138685  36375  44102  37607 183300  44985  34250  51810  56204
  47595 164752  47300  36725  81512  36857  51020  34185  60394  38486
  33425  57868  48344  79047  37618  33543  38279  59741 148134  34075
  37211 101718]
[ 25881  31667  29640  30617  51632  28987  33302  26617  32011  31042
  32431  18112  35207 249743  33537 111080  68124  33417  46665  51366
  72040 126427  44130 141366 108009  43719 158214  40771  52330  44474
  75482  49312  49171  50065  35251  37110  33527  94408 169175  39499
  31516 168025]
[ 25437  34533  30764  28432  97275  34239  37594  24650  30707  33331
  33258  25255  35436  37972  39897 131923  74049  33586  37164  70309
  35684  90883  58722 147963  75674  40771  41986  47473  57358  63563
  62362  54806  46255  48950  47016  37617  34437  46982 124551 203101
  38630 517877]
[ 11339  37572  35563  26719  48918  34322  33474  38104  30332  39410
  32686  24449  37425  61947  35605  82419  70585  36622  57883  54997
  63897 136523  75739  48169 117000  40626  76338  34625  42560  45286
  47797  50360 188692  62607  52611  34964  31500  73340 155644  54818
  57025 156399]
[ 27413  30276  30893  32712  56374  23551  34909  16265  31676  22322
  44185  23861  35896  93476  35222  78433  50780  34001  63669  44881
  95010 320042  84480  63661  94346  46871  48677  51863  42822  51398
  42488  50425  46191 200800  51690  50623  30707  92071 147495  38140
  35875 122251]
[ 14870  34311  35756  28821  52915  29347  32691  37018  31553  32433
  32524  18452  32979  64828  40218 109470 159575  32919  39961  67484
  83002 137810  55895  45985 109754  37473 197554  31860  47745  41200
  57598  67106  39860  52600  45810  35094  47914  47938 186484  55740
  29989 229174]
MEAN:
[54697.619 63454.738 67106.476 58973.595 62350.5   62183.571]

#################
#GRADE VIEW TIME#
#################

RAW TIMES:
[ 1646  8705  6020  2733 11292  2680 10825 11080  3306  3847  2847  4746
  1857 22338  7003 15443  4640  4739 56526  3651  8615  8445  7351  4755
  5031 16632  5415 30346 12903 23886  7978  6052  5609  7140  5349  5755
  7122  4132  7818  9462 99090 11040]
[ 2305 10595  3592  8191  9437  2220  9752 15472  2419  8007  1970  2376
  3812  4396  5579  5604  8291  9547 16258 39730  7627 17154  5710  5596
  5106  7148 12289 11487  4296  6148 11472  5299  6824  4175  7530  6992
  3247  4778  8437  3982  4713  8478]
[  2336   3407   4870   5045   7061   2981  16324  15420   4166   3180
   2135 209959   2717   4968   4376  27253  16860   3397  13577  45856
  10888   5862   8939  11041   5861   5846   8012   6515   3284   9394
   5479   5226  15939   5440   5641   3788   2809   5287   8340   3670
   7163  13271]
[  2601   4116   2233   3341   5830   2180  13388   4080   2291   7770
   6846 157702   4112   9798   8467   5052  13146   9219   7848   6227
   9074  13353   5130   4324   8231  12697  10815   7554   4560  16881
   4117   4508   7135   4370   4180   3715   3537   4296  12705   4143
   9272   7759]
[ 6304  2780  5630  5743  8914  5339  6651  4699  3119  8178  8311  2685
  5167  3111  3216 11452 23675  5530  6170  5304  4792 18113  9730  9733
  6529 11813  4745 26347  9816  4401  4233  5681  4132  9478  8118 14639
  2556  6912  5151  5448  4351  9258]
[ 1927  5416  4290  3637 29030  2187  6446 15420  6436  4679  1859  6894
  3191  8252  8739  8231 24825  3931  5520  3796  3936  5878  7875  4715
  6331  5009  7849 24353  5525  5152  4759  4681  8760  4495  4904  6395
  3322  8068 70556  3460  5098 28437]
MEAN:
[11567.857  7810.5   13180.548 10442.929  7570.333  9149.143]

###############
#DEVICE COUNTS#
###############

Desktop: 21
Laptop: 16
Tablet: 1
Smart phone: 4
Other device: 0

##################
#AGE GROUP COUNTS#
##################

18 - 24: 3
25 - 31: 25
32 - 38: 11
39 - 45: 2
46 - 52: 0
53 - 59: 0
60 and above: 1

################
#NETWORK COUNTS#
################

WiFi: 24
Cable network: 16
Cellular network: 2
Other: 0

###########
#REASONING#
###########

A2S591ZMEWMA5C: There was a slight buffer but nothing too significant.
A2EW1WZ1NQ8CVF: The turbulence was more intense in some of the videos 
A2V891K6X2055Y: some of the video had brief pauses as though they were buffering
A1P2RQ166VS5BT: Honestly, it buffered at the same exact place in some of the  videos 
A32GFFBMZJHE9N: no
A1L3937MY09J3I: 1 random latency type pause
A2ASTDMWBCFIP0: Maybe the occasional buffer in a few videos but that doesn't bother me at all. Plus, the video quality was beautiful!
A1TN3I2GO6FA8T: None
A3PRZRK9IC5CBI: a couple of them had a brief freeze in it
A1YFVXP4A1CXSF: the last video was a little slower loading
A2C73Y1COWCA51: none
A2JP9IKRHNLRPI: The first five videos had one hitch somewhere in the video, the last video did not. All videos were played in full quality (1080p/i?) 
A2Z7SWO6HS5OOI: I noticed some frame drops and lag, and it seemed oversaturated in spots
AHLS6AZ1VTNH7: None
ATTGD1M94GFR: image quality, buffering issue
A3DTPGXKABAFEJ: I think Couple of videos shows more clarity 
A3ESW0FM89XQJ9: nothing
ACI8PUCF5OPDC: video lagging
A3EIWNAQPP3SM2: no difference
A1CP4HLV04V5H6: NONE
A10AY39RH8ZB7I: NONE
A2O9YGSWKCBBAT: None
A3UXXT6KP7MIRG: None
A4TQSZDPARE7I: None
A19ZA4GG7S0BKI: none
A1OCEC1TBE3CWA: NONE
AMFN57BJVYPPE: None
A3GGA7I8AFZ8KZ: NONE
AIXTI8PKSX1D2: None
A329J5QIV71NP8: NONE
A17MKHO0INIV0D: NONE
A38CJGMJRTWE87: None
A8EEMNO76XFSQ: None
A3L4J9UD2Z2GJU: None
A1OX5KXDZAVQPJ: NONE
AMD5AS2ZWVTTK: GOOD QUALITY VIDEOS.
AA402T4YY1S7N: Some videos had stoppages in different parts of the clip.  Nothing horrible, but somewhat distracting.
A1NZ6JTBHVG3VJ: NONE
A13QHXMU0OMNAY: None
A1EK8YNHZHTW1J: None
ADCYOXSQB2T8L: NONE
A34X7ZCR1JY139: minute differences in color , contrast and sharpness, brightness 
