LOG OF buffered ORDER PLOT STATISTICS

#################
#PLOT STATISTICS#
#################

STATISTICS FOR ORDER ON ALL VIDEOS

MEANS:
3.400 2.880 2.960 3.480 3.560
STANDARD ERRORS:
0.233 0.273 0.237 0.266 0.266

STATISTICS FOR ORDER ON VIDEO 1

MEANS:
3.833 3.500 3.000 4.250 4.000
STANDARD ERRORS:
0.366 1.061 0.471 0.217 0.374

STATISTICS FOR ORDER ON VIDEO 2

MEANS:
3.167 3.400 3.333 3.400 3.333
STANDARD ERRORS:
0.495 0.607 0.385 0.607 0.272

STATISTICS FOR ORDER ON VIDEO 3

MEANS:
3.714 2.500 2.909 4.000 3.000
STANDARD ERRORS:
0.439 0.750 0.395 0.000 0.707

STATISTICS FOR ORDER ON VIDEO 4

MEANS:
3.200 2.667 2.000 3.250 2.500
STANDARD ERRORS:
0.335 0.444 0.000 0.492 1.061

STATISTICS FOR ORDER ON VIDEO 5

MEANS:
1.000 2.800 2.750 3.286 3.500
STANDARD ERRORS:
0.000 0.438 0.650 0.561 0.530

